Arguments: 
  C:\Program Files\nodejs\node.exe C:\Program Files (x86)\Yarn\bin\yarn.js

PATH: 
  C:\Users\User\AppData\Roaming\Microsoft\Windows\Start Menu\Programs\Python 3.7;C:\Python27\;C:\Python27\Scripts;C:\ProgramData\Boxstarter;C:\Program Files\Microsoft MPI\Bin\;C:\Program Files (x86)\Intel\Intel(R) Management Engine Components\iCLS\;C:\Program Files\Intel\Intel(R) Management Engine Components\iCLS\;C:\Windows\system32;C:\Windows;C:\Windows\System32\Wbem;C:\Windows\System32\WindowsPowerShell\v1.0\;C:\Windows\System32\OpenSSH\;C:\Program Files (x86)\Intel\Intel(R) Management Engine Components\DAL;C:\Program Files\Intel\Intel(R) Management Engine Components\DAL;C:\Program Files (x86)\Intel\Intel(R) Management Engine Components\IPT;C:\Program Files\Intel\Intel(R) Management Engine Components\IPT;C:\Program Files\dotnet\;C:\Program Files\Microsoft SQL Server\130\Tools\Binn\;C:\Program Files\PuTTY\;C:\Program Files\nodejs\;C:\ProgramData\chocolatey\bin;C:\Program Files (x86)\HP\IdrsOCR_15.2.10.1114\;C:\Program Files (x86)\GNU\GnuPG\pub;C:\Program Files\Git\cmd;C:\Program Files (x86)\Microsoft SQL Server\150\DTS\Binn\;C:\Program Files\Microsoft SQL Server\Client SDK\ODBC\170\Tools\Binn\;C:\Program Files\NVIDIA Corporation\NVIDIA NGX;E:\Dimas\public_html74\php;C:\ProgramData\ComposerSetup\bin;C:\Go\bin;C:\Program Files\PowerShell\6\;C:\Program Files\Microsoft\Web Platform Installer\;C:\Program Files\Dart\dart-sdk\bin;C:\Users\User\AppData\Roaming\npm;C:\Program Files (x86)\Yarn\bin\;C:\Users\User\AppData\Local\GitHubDesktop\bin;C:\Users\User\AppData\Local\Programs\Microsoft VS Code\bin;C:\Users\User\.dotnet\tools;C:\Users\User\AppData\Roaming\Composer\vendor\bin;C:\Users\User\go\bin;C:\Users\User\AppData\Local\atom\bin;C:\Users\User\AppData\Local\Yarn\bin

Yarn version: 
  1.21.1

Node version: 
  10.13.0

Platform: 
  win32 x64

Trace: 
  Error: EPERM: operation not permitted, unlink 'E:\Dimas\Lababook\lababook-frontend-android\node_modules\@react-navigation\core\node_modules\hoist-non-react-statics\dist'

npm manifest: 
  {
    "main": "node_modules/expo/AppEntry.js",
    "scripts": {
      "start": "expo start",
      "android": "expo start --android",
      "ios": "expo start --ios",
      "web": "expo start --web",
      "eject": "expo eject"
    },
    "dependencies": {
      "axios": "^0.19.0",
      "expo": "^35.0.0",
      "expo-constants": "^7.0.1",
      "expo-contacts": "^7.0.0",
      "expo-device": "^1.0.0",
      "expo-font": "~7.0.0",
      "expo-network": "^1.0.0",
      "expo-permissions": "^7.0.0",
      "native-base": "^2.13.8",
      "react": "16.8.3",
      "react-dom": "16.8.3",
      "react-native": "https://github.com/expo/react-native/archive/sdk-35.0.0.tar.gz",
      "react-native-gesture-handler": "~1.3.0",
      "react-native-modal": "^11.5.3",
      "react-native-popup-menu": "^0.15.6",
      "react-native-reanimated": "~1.2.0",
      "react-native-screen": "0.0.1",
      "react-native-select-contact": "^1.2.1",
      "react-native-table-component": "^1.2.1",
      "react-native-web": "^0.11.7",
      "react-navigation": "^4.0.10",
      "react-navigation-stack": "^1.10.3",
      "react-navigation-tabs": "^2.6.2",
      "react-redux": "^7.1.3",
      "redux": "^4.0.4",
      "redux-persist": "^6.0.0",
      "redux-thunk": "^2.3.0",
      "update": "^0.7.4"
    },
    "devDependencies": {
      "babel-preset-expo": "^7.1.0",
      "eslint": "^6.7.1",
      "eslint-config-google": "^0.14.0",
      "eslint-config-standard": "^14.1.0",
      "eslint-plugin-import": "^2.18.2",
      "eslint-plugin-node": "^10.0.0",
      "eslint-plugin-promise": "^4.2.1",
      "eslint-plugin-react": "^7.16.0",
      "eslint-plugin-standard": "^4.0.1",
      "react-native-dotenv": "^0.2.0"
    },
    "private": true
  }

yarn manifest: 
  No manifest

Lockfile: 
  No lockfile
